<?xml version="1.0" encoding="utf-8"?><testsuites name="pytest tests"><testsuite name="pytest" errors="0" failures="0" skipped="0" tests="38" time="6.957" timestamp="2026-05-02T11:04:04.887941+00:00" hostname="agent-env-2680f709-0b65-4b50-bec2-0b640cbf2eea"><testcase classname="backend.tests.backend_test.TestAuth" name="test_login_admin_success" time="0.780" /><testcase classname="backend.tests.backend_test.TestAuth" name="test_login_invalid" time="0.323" /><testcase classname="backend.tests.backend_test.TestAuth" name="test_login_unknown" time="0.117" /><testcase classname="backend.tests.backend_test.TestAuth" name="test_register_duplicate_fails" time="0.377" /><testcase classname="backend.tests.backend_test.TestAuth" name="test_me_authenticated" time="0.078" /><testcase classname="backend.tests.backend_test.TestAuth" name="test_me_unauthenticated" time="0.110" /><testcase classname="backend.tests.backend_test.TestAuth" name="test_logout_clears_cookies" time="0.448" /><testcase classname="backend.tests.backend_test.TestRBAC" name="test_company_cannot_access_admin_menu_list" time="0.075" /><testcase classname="backend.tests.backend_test.TestRBAC" name="test_company_cannot_create_menu" time="0.044" /><testcase classname="backend.tests.backend_test.TestRBAC" name="test_company_cannot_access_admin_orders" time="0.070" /><testcase classname="backend.tests.backend_test.TestRBAC" name="test_company_cannot_access_analytics" time="0.081" /><testcase classname="backend.tests.backend_test.TestRBAC" name="test_anonymous_orders_me_401" time="0.131" /><testcase classname="backend.tests.backend_test.TestMenu" name="test_menu_today_public" time="0.476" /><testcase classname="backend.tests.backend_test.TestMenu" name="test_admin_menu_filter_by_date" time="0.036" /><testcase classname="backend.tests.backend_test.TestMenu" name="test_admin_menu_update" time="0.079" /><testcase classname="backend.tests.backend_test.TestMenu" name="test_admin_menu_update_not_found" time="0.049" /><testcase classname="backend.tests.backend_test.TestMenu" name="test_admin_menu_delete_lifecycle" time="0.123" /><testcase classname="backend.tests.backend_test.TestUpload" name="test_upload_image_admin" time="0.802" /><testcase classname="backend.tests.backend_test.TestUpload" name="test_upload_rejects_non_image" time="0.042" /><testcase classname="backend.tests.backend_test.TestUpload" name="test_upload_requires_admin" time="0.041" /><testcase classname="backend.tests.backend_test.TestOrders" name="test_place_order_company" time="0.145" /><testcase classname="backend.tests.backend_test.TestOrders" name="test_place_order_unknown_item" time="0.071" /><testcase classname="backend.tests.backend_test.TestOrders" name="test_place_order_empty" time="0.071" /><testcase classname="backend.tests.backend_test.TestOrders" name="test_admin_cannot_place_order" time="0.082" /><testcase classname="backend.tests.backend_test.TestOrders" name="test_orders_me_lists_company_orders" time="0.072" /><testcase classname="backend.tests.backend_test.TestOrders" name="test_admin_orders_list" time="0.036" /><testcase classname="backend.tests.backend_test.TestOrders" name="test_admin_orders_status_filter" time="0.034" /><testcase classname="backend.tests.backend_test.TestOrders" name="test_admin_update_order_status" time="0.067" /><testcase classname="backend.tests.backend_test.TestOrders" name="test_admin_update_order_invalid_status" time="0.045" /><testcase classname="backend.tests.backend_test.TestOrders" name="test_other_company_cannot_access_order" time="0.405" /><testcase classname="backend.tests.backend_test.TestOrderEdit" name="test_new_order_has_revised_false_and_count_zero" time="0.508" /><testcase classname="backend.tests.backend_test.TestOrderEdit" name="test_edit_order_success_updates_items_note_and_sort" time="0.148" /><testcase classname="backend.tests.backend_test.TestOrderEdit" name="test_second_edit_increments_revision_count" time="0.075" /><testcase classname="backend.tests.backend_test.TestOrderEdit" name="test_edit_empty_items_returns_400" time="0.072" /><testcase classname="backend.tests.backend_test.TestOrderEdit" name="test_edit_unauthenticated_returns_401" time="0.104" /><testcase classname="backend.tests.backend_test.TestOrderEdit" name="test_edit_by_other_company_returns_403" time="0.373" /><testcase classname="backend.tests.backend_test.TestOrderEdit" name="test_edit_blocked_when_status_not_yeni" time="0.172" /><testcase classname="backend.tests.backend_test.TestAnalytics" name="test_analytics_summary" time="0.072" /></testsuite></testsuites>