<?xml version="1.0" encoding="utf-8"?><testsuites name="pytest tests"><testsuite name="pytest" errors="0" failures="0" skipped="0" tests="31" time="33.962" timestamp="2026-04-29T03:20:40.937010+00:00" hostname="agent-env-2680f709-0b65-4b50-bec2-0b640cbf2eea"><testcase classname="backend.tests.backend_test.TestAuth" name="test_login_admin_success" time="1.352" /><testcase classname="backend.tests.backend_test.TestAuth" name="test_login_invalid" time="1.194" /><testcase classname="backend.tests.backend_test.TestAuth" name="test_login_unknown" time="0.736" /><testcase classname="backend.tests.backend_test.TestAuth" name="test_register_duplicate_fails" time="1.638" /><testcase classname="backend.tests.backend_test.TestAuth" name="test_me_authenticated" time="0.658" /><testcase classname="backend.tests.backend_test.TestAuth" name="test_me_unauthenticated" time="0.776" /><testcase classname="backend.tests.backend_test.TestAuth" name="test_logout_clears_cookies" time="2.352" /><testcase classname="backend.tests.backend_test.TestRBAC" name="test_company_cannot_access_admin_menu_list" time="0.680" /><testcase classname="backend.tests.backend_test.TestRBAC" name="test_company_cannot_create_menu" time="0.656" /><testcase classname="backend.tests.backend_test.TestRBAC" name="test_company_cannot_access_admin_orders" time="0.653" /><testcase classname="backend.tests.backend_test.TestRBAC" name="test_company_cannot_access_analytics" time="0.655" /><testcase classname="backend.tests.backend_test.TestRBAC" name="test_anonymous_orders_me_401" time="0.983" /><testcase classname="backend.tests.backend_test.TestMenu" name="test_menu_today_public" time="2.368" /><testcase classname="backend.tests.backend_test.TestMenu" name="test_admin_menu_filter_by_date" time="0.687" /><testcase classname="backend.tests.backend_test.TestMenu" name="test_admin_menu_update" time="1.380" /><testcase classname="backend.tests.backend_test.TestMenu" name="test_admin_menu_update_not_found" time="0.704" /><testcase classname="backend.tests.backend_test.TestMenu" name="test_admin_menu_delete_lifecycle" time="2.069" /><testcase classname="backend.tests.backend_test.TestUpload" name="test_upload_image_admin" time="2.207" /><testcase classname="backend.tests.backend_test.TestUpload" name="test_upload_rejects_non_image" time="0.705" /><testcase classname="backend.tests.backend_test.TestUpload" name="test_upload_requires_admin" time="0.706" /><testcase classname="backend.tests.backend_test.TestOrders" name="test_place_order_company" time="1.341" /><testcase classname="backend.tests.backend_test.TestOrders" name="test_place_order_unknown_item" time="0.684" /><testcase classname="backend.tests.backend_test.TestOrders" name="test_place_order_empty" time="0.684" /><testcase classname="backend.tests.backend_test.TestOrders" name="test_admin_cannot_place_order" time="0.709" /><testcase classname="backend.tests.backend_test.TestOrders" name="test_orders_me_lists_company_orders" time="0.679" /><testcase classname="backend.tests.backend_test.TestOrders" name="test_admin_orders_list" time="0.799" /><testcase classname="backend.tests.backend_test.TestOrders" name="test_admin_orders_status_filter" time="0.683" /><testcase classname="backend.tests.backend_test.TestOrders" name="test_admin_update_order_status" time="1.383" /><testcase classname="backend.tests.backend_test.TestOrders" name="test_admin_update_order_invalid_status" time="0.682" /><testcase classname="backend.tests.backend_test.TestOrders" name="test_other_company_cannot_access_order" time="1.685" /><testcase classname="backend.tests.backend_test.TestAnalytics" name="test_analytics_summary" time="1.374" /></testsuite></testsuites>